{"/Users/ryangill/Developer/toy-store-ims/server/middleware/auth.js": {"path":"/Users/ryangill/Developer/toy-store-ims/server/middleware/auth.js","statementMap":{"0":{"start":{"line":1,"column":12},"end":{"line":1,"column":35}},"1":{"start":{"line":8,"column":16},"end":{"line":8,"column":67}},"2":{"start":{"line":10,"column":2},"end":{"line":12,"column":3}},"3":{"start":{"line":11,"column":4},"end":{"line":11,"column":80}},"4":{"start":{"line":14,"column":2},"end":{"line":20,"column":3}},"5":{"start":{"line":15,"column":20},"end":{"line":15,"column":61}},"6":{"start":{"line":16,"column":4},"end":{"line":16,"column":23}},"7":{"start":{"line":17,"column":4},"end":{"line":17,"column":11}},"8":{"start":{"line":19,"column":4},"end":{"line":19,"column":54}},"9":{"start":{"line":23,"column":0},"end":{"line":23,"column":22}}},"fnMap":{"0":{"name":"auth","decl":{"start":{"line":7,"column":9},"end":{"line":7,"column":13}},"loc":{"start":{"line":7,"column":30},"end":{"line":21,"column":1}},"line":7}},"branchMap":{"0":{"loc":{"start":{"line":10,"column":2},"end":{"line":12,"column":3}},"type":"if","locations":[{"start":{"line":10,"column":2},"end":{"line":12,"column":3}},{"start":{},"end":{}}],"line":10}},"s":{"0":1,"1":7,"2":7,"3":2,"4":5,"5":5,"6":2,"7":2,"8":3,"9":1},"f":{"0":7},"b":{"0":[2,5]},"_coverageSchema":"1a1c01bbd47fc00a2c39e90264f33305004495a9","hash":"933e534afff9d07ae02b502dfdb87391eb6682e5"}
,"/Users/ryangill/Developer/toy-store-ims/server/utils/audit.js": {"path":"/Users/ryangill/Developer/toy-store-ims/server/utils/audit.js","statementMap":{"0":{"start":{"line":1,"column":13},"end":{"line":1,"column":36}},"1":{"start":{"line":13,"column":2},"end":{"line":21,"column":3}},"2":{"start":{"line":14,"column":4},"end":{"line":17,"column":6}},"3":{"start":{"line":20,"column":4},"end":{"line":20,"column":61}},"4":{"start":{"line":24,"column":0},"end":{"line":24,"column":35}}},"fnMap":{"0":{"name":"logAuditEvent","decl":{"start":{"line":12,"column":15},"end":{"line":12,"column":28}},"loc":{"start":{"line":12,"column":53},"end":{"line":22,"column":1}},"line":12}},"branchMap":{},"s":{"0":1,"1":22,"2":22,"3":2,"4":1},"f":{"0":22},"b":{},"_coverageSchema":"1a1c01bbd47fc00a2c39e90264f33305004495a9","hash":"c32a6ae0066d66d1ee6ad7698d104c3a3616026f"}
}
